#! /c/Source/iverilog-install/bin/vvp
:ivl_version "12.0 (devel)" "(s20150603-1539-g2693dd32b)";
:ivl_delay_selection "TYPICAL";
:vpi_time_precision + 0;
:vpi_module "C:\iverilog\lib\ivl\system.vpi";
:vpi_module "C:\iverilog\lib\ivl\vhdl_sys.vpi";
:vpi_module "C:\iverilog\lib\ivl\vhdl_textio.vpi";
:vpi_module "C:\iverilog\lib\ivl\v2005_math.vpi";
:vpi_module "C:\iverilog\lib\ivl\va_math.vpi";
S_000001e23787d310 .scope module, "seq_fsm_tb" "seq_fsm_tb" 2 1;
 .timescale 0 0;
v000001e23787ba90_0 .var "clk", 0 0;
v000001e23787bb30_0 .net "detect", 0 0, v000001e2378767b0_0;  1 drivers
v000001e23787bbd0_0 .var "din", 0 0;
v000001e23787bc70_0 .var "reset", 0 0;
S_000001e23787d4a0 .scope module, "uut" "seq_fsm" 2 8, 3 1 0, S_000001e23787d310;
 .timescale 0 0;
    .port_info 0 /INPUT 1 "clk";
    .port_info 1 /INPUT 1 "reset";
    .port_info 2 /INPUT 1 "din";
    .port_info 3 /OUTPUT 1 "detect";
P_000001e23787a160 .param/l "S0" 0 3 8, C4<00>;
P_000001e23787a198 .param/l "S1" 0 3 9, C4<01>;
P_000001e23787a1d0 .param/l "S2" 0 3 10, C4<10>;
v000001e237876a10_0 .net "clk", 0 0, v000001e23787ba90_0;  1 drivers
v000001e2378767b0_0 .var "detect", 0 0;
v000001e237876c30_0 .net "din", 0 0, v000001e23787bbd0_0;  1 drivers
v000001e23787d630_0 .net "reset", 0 0, v000001e23787bc70_0;  1 drivers
v000001e23787d6d0_0 .var "state", 1 0;
E_000001e2378c95f0 .event anyedge, v000001e23787d6d0_0, v000001e237876c30_0;
E_000001e2378c9d70 .event posedge, v000001e237876a10_0;
    .scope S_000001e23787d4a0;
T_0 ;
    %wait E_000001e2378c9d70;
    %load/vec4 v000001e23787d630_0;
    %flag_set/vec4 8;
    %jmp/0xz  T_0.0, 8;
    %pushi/vec4 0, 0, 2;
    %assign/vec4 v000001e23787d6d0_0, 0;
    %jmp T_0.1;
T_0.0 ;
    %load/vec4 v000001e23787d6d0_0;
    %dup/vec4;
    %pushi/vec4 0, 0, 2;
    %cmp/u;
    %jmp/1 T_0.2, 6;
    %dup/vec4;
    %pushi/vec4 1, 0, 2;
    %cmp/u;
    %jmp/1 T_0.3, 6;
    %dup/vec4;
    %pushi/vec4 2, 0, 2;
    %cmp/u;
    %jmp/1 T_0.4, 6;
    %pushi/vec4 0, 0, 2;
    %assign/vec4 v000001e23787d6d0_0, 0;
    %jmp T_0.6;
T_0.2 ;
    %load/vec4 v000001e237876c30_0;
    %flag_set/vec4 8;
    %jmp/0xz  T_0.7, 8;
    %pushi/vec4 1, 0, 2;
    %assign/vec4 v000001e23787d6d0_0, 0;
    %jmp T_0.8;
T_0.7 ;
    %pushi/vec4 0, 0, 2;
    %assign/vec4 v000001e23787d6d0_0, 0;
T_0.8 ;
    %jmp T_0.6;
T_0.3 ;
    %load/vec4 v000001e237876c30_0;
    %nor/r;
    %flag_set/vec4 8;
    %jmp/0xz  T_0.9, 8;
    %pushi/vec4 2, 0, 2;
    %assign/vec4 v000001e23787d6d0_0, 0;
    %jmp T_0.10;
T_0.9 ;
    %pushi/vec4 1, 0, 2;
    %assign/vec4 v000001e23787d6d0_0, 0;
T_0.10 ;
    %jmp T_0.6;
T_0.4 ;
    %load/vec4 v000001e237876c30_0;
    %flag_set/vec4 8;
    %jmp/0xz  T_0.11, 8;
    %pushi/vec4 1, 0, 2;
    %assign/vec4 v000001e23787d6d0_0, 0;
    %jmp T_0.12;
T_0.11 ;
    %pushi/vec4 0, 0, 2;
    %assign/vec4 v000001e23787d6d0_0, 0;
T_0.12 ;
    %jmp T_0.6;
T_0.6 ;
    %pop/vec4 1;
T_0.1 ;
    %jmp T_0;
    .thread T_0;
    .scope S_000001e23787d4a0;
T_1 ;
    %wait E_000001e2378c95f0;
    %load/vec4 v000001e23787d6d0_0;
    %cmpi/e 2, 0, 2;
    %flag_get/vec4 4;
    %jmp/0 T_1.2, 4;
    %load/vec4 v000001e237876c30_0;
    %and;
T_1.2;
    %flag_set/vec4 8;
    %jmp/0xz  T_1.0, 8;
    %pushi/vec4 1, 0, 1;
    %store/vec4 v000001e2378767b0_0, 0, 1;
    %jmp T_1.1;
T_1.0 ;
    %pushi/vec4 0, 0, 1;
    %store/vec4 v000001e2378767b0_0, 0, 1;
T_1.1 ;
    %jmp T_1;
    .thread T_1, $push;
    .scope S_000001e23787d310;
T_2 ;
    %delay 5, 0;
    %load/vec4 v000001e23787ba90_0;
    %inv;
    %store/vec4 v000001e23787ba90_0, 0, 1;
    %jmp T_2;
    .thread T_2;
    .scope S_000001e23787d310;
T_3 ;
    %pushi/vec4 0, 0, 1;
    %store/vec4 v000001e23787ba90_0, 0, 1;
    %pushi/vec4 1, 0, 1;
    %store/vec4 v000001e23787bc70_0, 0, 1;
    %pushi/vec4 0, 0, 1;
    %store/vec4 v000001e23787bbd0_0, 0, 1;
    %delay 10, 0;
    %pushi/vec4 0, 0, 1;
    %store/vec4 v000001e23787bc70_0, 0, 1;
    %delay 10, 0;
    %pushi/vec4 1, 0, 1;
    %store/vec4 v000001e23787bbd0_0, 0, 1;
    %delay 10, 0;
    %pushi/vec4 0, 0, 1;
    %store/vec4 v000001e23787bbd0_0, 0, 1;
    %delay 10, 0;
    %pushi/vec4 1, 0, 1;
    %store/vec4 v000001e23787bbd0_0, 0, 1;
    %delay 10, 0;
    %pushi/vec4 0, 0, 1;
    %store/vec4 v000001e23787bbd0_0, 0, 1;
    %delay 10, 0;
    %pushi/vec4 1, 0, 1;
    %store/vec4 v000001e23787bbd0_0, 0, 1;
    %delay 10, 0;
    %pushi/vec4 1, 0, 1;
    %store/vec4 v000001e23787bbd0_0, 0, 1;
    %delay 30, 0;
    %vpi_call 2 32 "$finish" {0 0 0};
    %end;
    .thread T_3;
# The file index is used to find the file name in the following table.
:file_names 4;
    "N/A";
    "<interactive>";
    "seq_fsm_tb.v";
    "seq_fsm.v";
